<?xml version="1.0" encoding="UTF-8"?>
<testng-results ignored="0" total="1" passed="1" failed="0" skipped="0">
  <reporter-output>
  </reporter-output>
  <suite started-at="2023-04-17T20:01:22 IST" name="Default suite" finished-at="2023-04-17T20:02:03 IST" duration-ms="40970">
    <groups>
    </groups>
    <test started-at="2023-04-17T20:01:22 IST" name="Default test" finished-at="2023-04-17T20:02:03 IST" duration-ms="40970">
      <class name="testScripts.placeOrderInFlipkart">
        <test-method is-config="true" signature="browserSetUp()[pri:0, instance:testScripts.placeOrderInFlipkart@27406a17]" started-at="2023-04-17T20:01:22 IST" name="browserSetUp" finished-at="2023-04-17T20:01:31 IST" duration-ms="8248" status="PASS">
          <reporter-output>
          </reporter-output>
        </test-method> <!-- browserSetUp -->
        <test-method signature="placeOrder()[pri:0, instance:testScripts.placeOrderInFlipkart@27406a17]" started-at="2023-04-17T20:01:31 IST" name="placeOrder" finished-at="2023-04-17T20:02:01 IST" duration-ms="30550" status="PASS">
          <reporter-output>
          </reporter-output>
        </test-method> <!-- placeOrder -->
        <test-method is-config="true" signature="closeBrowser()[pri:0, instance:testScripts.placeOrderInFlipkart@27406a17]" started-at="2023-04-17T20:02:01 IST" name="closeBrowser" finished-at="2023-04-17T20:02:03 IST" duration-ms="2062" status="PASS">
          <reporter-output>
          </reporter-output>
        </test-method> <!-- closeBrowser -->
      </class> <!-- testScripts.placeOrderInFlipkart -->
    </test> <!-- Default test -->
  </suite> <!-- Default suite -->
</testng-results>
